[0m[[0m[0mdebug[0m] [0m[0m> Exec(run, Some(8fe244df-0aed-4a87-ba5f-275fa35c30ff), Some(CommandSource(console0)))[0m
[0m[[0m[0mdebug[0m] [0m[0mEvaluating tasks: Compile / run[0m
[0m[[0m[0mdebug[0m] [0m[0mRunning task... Cancel: Signal, check cycles: false, forcegc: true[0m
[0m[[0m[0minfo[0m] [0m[0mcompiling 1 Scala source to /home/ligma/Documents/scala/Scala By Example/src/main/target/scala-2.12/classes ...[0m
[0m[[0m[31merror[0m] [0m[0m/home/ligma/Documents/scala/Scala By Example/src/main/Ch4.scala:8:21: type mismatch;[0m
[0m[[0m[31merror[0m] [0m[0m found   : Double[0m
[0m[[0m[31merror[0m] [0m[0m required: Boolean[0m
[0m[[0m[31merror[0m] [0m[0m    if (isGoodEnough(guess, x)) guess[0m
[0m[[0m[31merror[0m] [0m[0m                    ^[0m
[0m[[0m[31merror[0m] [0m[0m/home/ligma/Documents/scala/Scala By Example/src/main/Ch4.scala:13:5: not found: value abs[0m
[0m[[0m[31merror[0m] [0m[0m    abs(square(guess) - x) < 0.001[0m
[0m[[0m[31merror[0m] [0m[0m    ^[0m
[0m[[0m[31merror[0m] [0m[0m/home/ligma/Documents/scala/Scala By Example/src/main/Ch4.scala:13:9: not found: value square[0m
[0m[[0m[31merror[0m] [0m[0m    abs(square(guess) - x) < 0.001[0m
[0m[[0m[31merror[0m] [0m[0m        ^[0m
[0m[[0m[31merror[0m] [0m[0mthree errors found[0m
[0m[[0m[31merror[0m] [0m[0m(Compile / [31mcompileIncremental[0m) Compilation failed[0m
[0m[[0m[31merror[0m] [0m[0mTotal time: 2 s, completed Jul 24, 2021, 1:29:50 AM[0m
[0m[[0m[0mdebug[0m] [0m[0m> Exec(shell, None, None)[0m
[0m[[0m[0minfo[0m] [0m[0mshutting down sbt server[0m
